<?xml version="1.0" encoding="UTF-8"?>
<!-- Generated by org.testng.reporters.JUnitReportReporter -->
<testsuite hostname="DESKTOP-789NBJF" failures="0" tests="1" name="tests.End2End" time="40.568" errors="0" timestamp="2021-11-24T13:18:57 EET" skipped="0">
  <testcase classname="tests.End2End" name="end2end" time="40.568"/>
  <system-out/>
</testsuite> <!-- tests.End2End -->
